2022-05-23 11:15:43,691 [1] INFO Microsoft.Hosting.Lifetime - Application started. Press Ctrl+C to shut down.
2022-05-23 11:15:43,719 [1] INFO Microsoft.Hosting.Lifetime - Hosting environment: Development
2022-05-23 11:15:43,723 [1] INFO Microsoft.Hosting.Lifetime - Content root path: D:\Data\d drive\Corp\RPS\CTS\INTCDE22ID010\ExampleApplication\ExampleApplication
2022-05-23 11:15:43,953 [4] INFO ExampleApplication.Controllers.HomeController - Index method invoked
2022-05-23 11:15:44,038 [4] ERROR ExampleApplication.Controllers.HomeController - Arithmetic operation resulted in an overflow.
2022-05-23 11:16:50,404 [1] INFO Microsoft.Hosting.Lifetime - Application started. Press Ctrl+C to shut down.
2022-05-23 11:16:50,429 [1] INFO Microsoft.Hosting.Lifetime - Hosting environment: Development
2022-05-23 11:16:50,432 [1] INFO Microsoft.Hosting.Lifetime - Content root path: D:\Data\d drive\Corp\RPS\CTS\INTCDE22ID010\ExampleApplication\ExampleApplication
2022-05-23 11:16:50,629 [10] INFO ExampleApplication.Controllers.HomeController - Index method invoked
2022-05-23 11:16:50,722 [10] ERROR ExampleApplication.Controllers.HomeController - Arithmetic operation resulted in an overflow. 23-05-2022
2022-05-24 11:13:29,647 [1] INFO Microsoft.Hosting.Lifetime - Application started. Press Ctrl+C to shut down.
2022-05-24 11:13:29,681 [1] INFO Microsoft.Hosting.Lifetime - Hosting environment: Development
2022-05-24 11:13:29,683 [1] INFO Microsoft.Hosting.Lifetime - Content root path: D:\Data\d drive\Corp\RPS\CTS\INTCDE22ID010\Participants\ExampleApplication\ExampleApplication
2022-05-24 11:13:29,855 [6] INFO ExampleApplication.Controllers.HomeController - Index method invoked
2022-05-24 11:13:30,044 [6] ERROR ExampleApplication.Controllers.HomeController - Arithmetic operation resulted in an overflow. 24-05-2022
2022-05-24 11:13:36,960 [10] ERROR Microsoft.AspNetCore.Diagnostics.DeveloperExceptionPageMiddleware - An unhandled exception has occurred while executing the request.
System.InvalidOperationException: Unable to resolve service for type 'ExampleApplication.Services.IRepo`2[System.Int32,ExampleApplication.Models.Employee]' while attempting to activate 'ExampleApplication.Controllers.EmployeeController'.
   at Microsoft.Extensions.DependencyInjection.ActivatorUtilities.GetService(IServiceProvider sp, Type type, Type requiredBy, Boolean isDefaultParameterRequired)
   at lambda_method26(Closure , IServiceProvider , Object[] )
   at Microsoft.AspNetCore.Mvc.Controllers.ControllerActivatorProvider.<>c__DisplayClass4_0.<CreateActivator>b__0(ControllerContext controllerContext)
   at Microsoft.AspNetCore.Mvc.Controllers.ControllerFactoryProvider.<>c__DisplayClass5_0.<CreateControllerFactory>g__CreateController|0(ControllerContext controllerContext)
   at Microsoft.AspNetCore.Mvc.Infrastructure.ControllerActionInvoker.Next(State& next, Scope& scope, Object& state, Boolean& isCompleted)
   at Microsoft.AspNetCore.Mvc.Infrastructure.ControllerActionInvoker.InvokeInnerFilterAsync()
--- End of stack trace from previous location ---
   at Microsoft.AspNetCore.Mvc.Infrastructure.ResourceInvoker.<InvokeNextResourceFilter>g__Awaited|24_0(ResourceInvoker invoker, Task lastTask, State next, Scope scope, Object state, Boolean isCompleted)
   at Microsoft.AspNetCore.Mvc.Infrastructure.ResourceInvoker.Rethrow(ResourceExecutedContextSealed context)
   at Microsoft.AspNetCore.Mvc.Infrastructure.ResourceInvoker.Next(State& next, Scope& scope, Object& state, Boolean& isCompleted)
   at Microsoft.AspNetCore.Mvc.Infrastructure.ResourceInvoker.InvokeFilterPipelineAsync()
--- End of stack trace from previous location ---
   at Microsoft.AspNetCore.Mvc.Infrastructure.ResourceInvoker.<InvokeAsync>g__Awaited|17_0(ResourceInvoker invoker, Task task, IDisposable scope)
   at Microsoft.AspNetCore.Routing.EndpointMiddleware.<Invoke>g__AwaitRequestTask|6_0(Endpoint endpoint, Task requestTask, ILogger logger)
   at Microsoft.AspNetCore.Authorization.AuthorizationMiddleware.Invoke(HttpContext context)
   at Microsoft.AspNetCore.Diagnostics.DeveloperExceptionPageMiddleware.Invoke(HttpContext context)
2022-05-24 11:14:41,334 [1] INFO Microsoft.Hosting.Lifetime - Application started. Press Ctrl+C to shut down.
2022-05-24 11:14:41,352 [1] INFO Microsoft.Hosting.Lifetime - Hosting environment: Development
2022-05-24 11:14:41,355 [1] INFO Microsoft.Hosting.Lifetime - Content root path: D:\Data\d drive\Corp\RPS\CTS\INTCDE22ID010\Participants\ExampleApplication\ExampleApplication
2022-05-24 11:14:41,489 [5] INFO ExampleApplication.Controllers.HomeController - Index method invoked
2022-05-24 11:14:41,552 [5] ERROR ExampleApplication.Controllers.HomeController - Arithmetic operation resulted in an overflow. 24-05-2022
